This is pdfTeX, Version 3.14159265-2.6-1.40.18 (TeX Live 2017/Debian) (preloaded format=pdflatex 2020.3.4)  30 JUN 2020 23:33
entering extended mode
 \write18 enabled.
 %&-line parsing enabled.
**main_slides.tex
(./main_slides.tex
LaTeX2e <2017-04-15>
Babel <3.18> and hyphenation patterns for 12 language(s) loaded.
(/usr/share/texlive/texmf-dist/tex/latex/beamer/beamer.cls
Document Class: beamer 2018/02/20 v3.50 A class for typesetting presentations
(/usr/share/texlive/texmf-dist/tex/latex/beamer/beamerbasemodes.sty
(/usr/share/texlive/texmf-dist/tex/latex/etoolbox/etoolbox.sty
Package: etoolbox 2018/02/11 v2.5e e-TeX tools for LaTeX (JAW)
\etb@tempcnta=\count79
)
\beamer@tempbox=\box26
\beamer@tempcount=\count80
\c@beamerpauses=\count81

(/usr/share/texlive/texmf-dist/tex/latex/beamer/beamerbasedecode.sty
\beamer@slideinframe=\count82
\beamer@minimum=\count83
)
\beamer@commentbox=\box27
\beamer@modecount=\count84
)
(/usr/share/texlive/texmf-dist/tex/generic/oberdiek/ifpdf.sty
Package: ifpdf 2017/03/15 v3.2 Provides the ifpdf switch
)
\headdp=\dimen102
\footheight=\dimen103
\sidebarheight=\dimen104
\beamer@tempdim=\dimen105
\beamer@finalheight=\dimen106
\beamer@animht=\dimen107
\beamer@animdp=\dimen108
\beamer@animwd=\dimen109
\beamer@leftmargin=\dimen110
\beamer@rightmargin=\dimen111
\beamer@leftsidebar=\dimen112
\beamer@rightsidebar=\dimen113
\beamer@boxsize=\dimen114
\beamer@vboxoffset=\dimen115
\beamer@descdefault=\dimen116
\beamer@descriptionwidth=\dimen117
\beamer@lastskip=\skip41
\beamer@areabox=\box28
\beamer@animcurrent=\box29
\beamer@animshowbox=\box30
\beamer@sectionbox=\box31
\beamer@logobox=\box32
\beamer@linebox=\box33
\beamer@sectioncount=\count85
\beamer@subsubsectionmax=\count86
\beamer@subsectionmax=\count87
\beamer@sectionmax=\count88
\beamer@totalheads=\count89
\beamer@headcounter=\count90
\beamer@partstartpage=\count91
\beamer@sectionstartpage=\count92
\beamer@subsectionstartpage=\count93
\beamer@animationtempa=\count94
\beamer@animationtempb=\count95
\beamer@xpos=\count96
\beamer@ypos=\count97
\beamer@ypos@offset=\count98
\beamer@showpartnumber=\count99
\beamer@currentsubsection=\count100
\beamer@coveringdepth=\count101
\beamer@sectionadjust=\count102
\beamer@tocsectionnumber=\count103

(/usr/share/texlive/texmf-dist/tex/latex/beamer/beamerbaseoptions.sty
(/usr/share/texlive/texmf-dist/tex/latex/graphics/keyval.sty
Package: keyval 2014/10/28 v1.15 key=value parser (DPC)
\KV@toks@=\toks14
))
\beamer@paperwidth=\skip42
\beamer@paperheight=\skip43

(/usr/share/texlive/texmf-dist/tex/latex/geometry/geometry.sty
Package: geometry 2010/09/12 v5.6 Page Geometry

(/usr/share/texlive/texmf-dist/tex/generic/oberdiek/ifvtex.sty
Package: ifvtex 2016/05/16 v1.6 Detect VTeX and its facilities (HO)
Package ifvtex Info: VTeX not detected.
)
(/usr/share/texlive/texmf-dist/tex/generic/ifxetex/ifxetex.sty
Package: ifxetex 2010/09/12 v0.6 Provides ifxetex conditional
)
\Gm@cnth=\count104
\Gm@cntv=\count105
\c@Gm@tempcnt=\count106
\Gm@bindingoffset=\dimen118
\Gm@wd@mp=\dimen119
\Gm@odd@mp=\dimen120
\Gm@even@mp=\dimen121
\Gm@layoutwidth=\dimen122
\Gm@layoutheight=\dimen123
\Gm@layouthoffset=\dimen124
\Gm@layoutvoffset=\dimen125
\Gm@dimlist=\toks15
)
(/usr/share/texlive/texmf-dist/tex/latex/base/size10.clo
File: size10.clo 2014/09/29 v1.4h Standard LaTeX file (size option)
)
(/usr/share/texlive/texmf-dist/tex/latex/pgf/basiclayer/pgfcore.sty
(/usr/share/texlive/texmf-dist/tex/latex/graphics/graphicx.sty
Package: graphicx 2017/06/01 v1.1a Enhanced LaTeX Graphics (DPC,SPQR)

(/usr/share/texlive/texmf-dist/tex/latex/graphics/graphics.sty
Package: graphics 2017/06/25 v1.2c Standard LaTeX Graphics (DPC,SPQR)

(/usr/share/texlive/texmf-dist/tex/latex/graphics/trig.sty
Package: trig 2016/01/03 v1.10 sin cos tan (DPC)
)
(/usr/share/texlive/texmf-dist/tex/latex/graphics-cfg/graphics.cfg
File: graphics.cfg 2016/06/04 v1.11 sample graphics configuration
)
Package graphics Info: Driver file: pdftex.def on input line 99.

(/usr/share/texlive/texmf-dist/tex/latex/graphics-def/pdftex.def
File: pdftex.def 2018/01/08 v1.0l Graphics/color driver for pdftex
))
\Gin@req@height=\dimen126
\Gin@req@width=\dimen127
)
(/usr/share/texlive/texmf-dist/tex/latex/pgf/systemlayer/pgfsys.sty
(/usr/share/texlive/texmf-dist/tex/latex/pgf/utilities/pgfrcs.sty
(/usr/share/texlive/texmf-dist/tex/generic/pgf/utilities/pgfutil-common.tex
\pgfutil@everybye=\toks16
\pgfutil@tempdima=\dimen128
\pgfutil@tempdimb=\dimen129

(/usr/share/texlive/texmf-dist/tex/generic/pgf/utilities/pgfutil-common-lists.t
ex)) (/usr/share/texlive/texmf-dist/tex/generic/pgf/utilities/pgfutil-latex.def
\pgfutil@abb=\box34
(/usr/share/texlive/texmf-dist/tex/latex/ms/everyshi.sty
Package: everyshi 2001/05/15 v3.00 EveryShipout Package (MS)
))
(/usr/share/texlive/texmf-dist/tex/generic/pgf/utilities/pgfrcs.code.tex
Package: pgfrcs 2015/08/07 v3.0.1a (rcs-revision 1.31)
))
(/usr/share/texlive/texmf-dist/tex/generic/pgf/systemlayer/pgfsys.code.tex
Package: pgfsys 2014/07/09 v3.0.1a (rcs-revision 1.48)

(/usr/share/texlive/texmf-dist/tex/generic/pgf/utilities/pgfkeys.code.tex
\pgfkeys@pathtoks=\toks17
\pgfkeys@temptoks=\toks18

(/usr/share/texlive/texmf-dist/tex/generic/pgf/utilities/pgfkeysfiltered.code.t
ex
\pgfkeys@tmptoks=\toks19
))
\pgf@x=\dimen130
\pgf@y=\dimen131
\pgf@xa=\dimen132
\pgf@ya=\dimen133
\pgf@xb=\dimen134
\pgf@yb=\dimen135
\pgf@xc=\dimen136
\pgf@yc=\dimen137
\w@pgf@writea=\write3
\r@pgf@reada=\read1
\c@pgf@counta=\count107
\c@pgf@countb=\count108
\c@pgf@countc=\count109
\c@pgf@countd=\count110
\t@pgf@toka=\toks20
\t@pgf@tokb=\toks21
\t@pgf@tokc=\toks22
 (/usr/share/texlive/texmf-dist/tex/generic/pgf/systemlayer/pgf.cfg
File: pgf.cfg 2008/05/14  (rcs-revision 1.7)
)
Driver file for pgf: pgfsys-pdftex.def

(/usr/share/texlive/texmf-dist/tex/generic/pgf/systemlayer/pgfsys-pdftex.def
File: pgfsys-pdftex.def 2014/10/11  (rcs-revision 1.35)

(/usr/share/texlive/texmf-dist/tex/generic/pgf/systemlayer/pgfsys-common-pdf.de
f
File: pgfsys-common-pdf.def 2013/10/10  (rcs-revision 1.13)
)))
(/usr/share/texlive/texmf-dist/tex/generic/pgf/systemlayer/pgfsyssoftpath.code.
tex
File: pgfsyssoftpath.code.tex 2013/09/09  (rcs-revision 1.9)
\pgfsyssoftpath@smallbuffer@items=\count111
\pgfsyssoftpath@bigbuffer@items=\count112
)
(/usr/share/texlive/texmf-dist/tex/generic/pgf/systemlayer/pgfsysprotocol.code.
tex
File: pgfsysprotocol.code.tex 2006/10/16  (rcs-revision 1.4)
)) (/usr/share/texlive/texmf-dist/tex/latex/xcolor/xcolor.sty
Package: xcolor 2016/05/11 v2.12 LaTeX color extensions (UK)

(/usr/share/texlive/texmf-dist/tex/latex/graphics-cfg/color.cfg
File: color.cfg 2016/01/02 v1.6 sample color configuration
)
Package xcolor Info: Driver file: pdftex.def on input line 225.
Package xcolor Info: Model `cmy' substituted by `cmy0' on input line 1348.
Package xcolor Info: Model `hsb' substituted by `rgb' on input line 1352.
Package xcolor Info: Model `RGB' extended on input line 1364.
Package xcolor Info: Model `HTML' substituted by `rgb' on input line 1366.
Package xcolor Info: Model `Hsb' substituted by `hsb' on input line 1367.
Package xcolor Info: Model `tHsb' substituted by `hsb' on input line 1368.
Package xcolor Info: Model `HSB' substituted by `hsb' on input line 1369.
Package xcolor Info: Model `Gray' substituted by `gray' on input line 1370.
Package xcolor Info: Model `wave' substituted by `hsb' on input line 1371.
)
(/usr/share/texlive/texmf-dist/tex/generic/pgf/basiclayer/pgfcore.code.tex
Package: pgfcore 2010/04/11 v3.0.1a (rcs-revision 1.7)

(/usr/share/texlive/texmf-dist/tex/generic/pgf/math/pgfmath.code.tex
(/usr/share/texlive/texmf-dist/tex/generic/pgf/math/pgfmathcalc.code.tex
(/usr/share/texlive/texmf-dist/tex/generic/pgf/math/pgfmathutil.code.tex)
(/usr/share/texlive/texmf-dist/tex/generic/pgf/math/pgfmathparser.code.tex
\pgfmath@dimen=\dimen138
\pgfmath@count=\count113
\pgfmath@box=\box35
\pgfmath@toks=\toks23
\pgfmath@stack@operand=\toks24
\pgfmath@stack@operation=\toks25
)
(/usr/share/texlive/texmf-dist/tex/generic/pgf/math/pgfmathfunctions.code.tex
(/usr/share/texlive/texmf-dist/tex/generic/pgf/math/pgfmathfunctions.basic.code
.tex)
(/usr/share/texlive/texmf-dist/tex/generic/pgf/math/pgfmathfunctions.trigonomet
ric.code.tex)
(/usr/share/texlive/texmf-dist/tex/generic/pgf/math/pgfmathfunctions.random.cod
e.tex)
(/usr/share/texlive/texmf-dist/tex/generic/pgf/math/pgfmathfunctions.comparison
.code.tex)
(/usr/share/texlive/texmf-dist/tex/generic/pgf/math/pgfmathfunctions.base.code.
tex)
(/usr/share/texlive/texmf-dist/tex/generic/pgf/math/pgfmathfunctions.round.code
.tex)
(/usr/share/texlive/texmf-dist/tex/generic/pgf/math/pgfmathfunctions.misc.code.
tex)
(/usr/share/texlive/texmf-dist/tex/generic/pgf/math/pgfmathfunctions.integerari
thmetics.code.tex)))
(/usr/share/texlive/texmf-dist/tex/generic/pgf/math/pgfmathfloat.code.tex
\c@pgfmathroundto@lastzeros=\count114
))
(/usr/share/texlive/texmf-dist/tex/generic/pgf/basiclayer/pgfcorepoints.code.te
x
File: pgfcorepoints.code.tex 2013/10/07  (rcs-revision 1.27)
\pgf@picminx=\dimen139
\pgf@picmaxx=\dimen140
\pgf@picminy=\dimen141
\pgf@picmaxy=\dimen142
\pgf@pathminx=\dimen143
\pgf@pathmaxx=\dimen144
\pgf@pathminy=\dimen145
\pgf@pathmaxy=\dimen146
\pgf@xx=\dimen147
\pgf@xy=\dimen148
\pgf@yx=\dimen149
\pgf@yy=\dimen150
\pgf@zx=\dimen151
\pgf@zy=\dimen152
)
(/usr/share/texlive/texmf-dist/tex/generic/pgf/basiclayer/pgfcorepathconstruct.
code.tex
File: pgfcorepathconstruct.code.tex 2013/10/07  (rcs-revision 1.29)
\pgf@path@lastx=\dimen153
\pgf@path@lasty=\dimen154
)
(/usr/share/texlive/texmf-dist/tex/generic/pgf/basiclayer/pgfcorepathusage.code
.tex
File: pgfcorepathusage.code.tex 2014/11/02  (rcs-revision 1.24)
\pgf@shorten@end@additional=\dimen155
\pgf@shorten@start@additional=\dimen156
)
(/usr/share/texlive/texmf-dist/tex/generic/pgf/basiclayer/pgfcorescopes.code.te
x
File: pgfcorescopes.code.tex 2015/05/08  (rcs-revision 1.46)
\pgfpic=\box36
\pgf@hbox=\box37
\pgf@layerbox@main=\box38
\pgf@picture@serial@count=\count115
)
(/usr/share/texlive/texmf-dist/tex/generic/pgf/basiclayer/pgfcoregraphicstate.c
ode.tex
File: pgfcoregraphicstate.code.tex 2014/11/02  (rcs-revision 1.12)
\pgflinewidth=\dimen157
)
(/usr/share/texlive/texmf-dist/tex/generic/pgf/basiclayer/pgfcoretransformation
s.code.tex
File: pgfcoretransformations.code.tex 2015/08/07  (rcs-revision 1.20)
\pgf@pt@x=\dimen158
\pgf@pt@y=\dimen159
\pgf@pt@temp=\dimen160
)
(/usr/share/texlive/texmf-dist/tex/generic/pgf/basiclayer/pgfcorequick.code.tex
File: pgfcorequick.code.tex 2008/10/09  (rcs-revision 1.3)
)
(/usr/share/texlive/texmf-dist/tex/generic/pgf/basiclayer/pgfcoreobjects.code.t
ex
File: pgfcoreobjects.code.tex 2006/10/11  (rcs-revision 1.2)
)
(/usr/share/texlive/texmf-dist/tex/generic/pgf/basiclayer/pgfcorepathprocessing
.code.tex
File: pgfcorepathprocessing.code.tex 2013/09/09  (rcs-revision 1.9)
)
(/usr/share/texlive/texmf-dist/tex/generic/pgf/basiclayer/pgfcorearrows.code.te
x
File: pgfcorearrows.code.tex 2015/05/14  (rcs-revision 1.43)
\pgfarrowsep=\dimen161
)
(/usr/share/texlive/texmf-dist/tex/generic/pgf/basiclayer/pgfcoreshade.code.tex
File: pgfcoreshade.code.tex 2013/07/15  (rcs-revision 1.15)
\pgf@max=\dimen162
\pgf@sys@shading@range@num=\count116
)
(/usr/share/texlive/texmf-dist/tex/generic/pgf/basiclayer/pgfcoreimage.code.tex
File: pgfcoreimage.code.tex 2013/07/15  (rcs-revision 1.18)

(/usr/share/texlive/texmf-dist/tex/generic/pgf/basiclayer/pgfcoreexternal.code.
tex
File: pgfcoreexternal.code.tex 2014/07/09  (rcs-revision 1.21)
\pgfexternal@startupbox=\box39
))
(/usr/share/texlive/texmf-dist/tex/generic/pgf/basiclayer/pgfcorelayers.code.te
x
File: pgfcorelayers.code.tex 2013/07/18  (rcs-revision 1.7)
)
(/usr/share/texlive/texmf-dist/tex/generic/pgf/basiclayer/pgfcoretransparency.c
ode.tex
File: pgfcoretransparency.code.tex 2013/09/30  (rcs-revision 1.5)
)
(/usr/share/texlive/texmf-dist/tex/generic/pgf/basiclayer/pgfcorepatterns.code.
tex
File: pgfcorepatterns.code.tex 2013/11/07  (rcs-revision 1.5)
))) (/usr/share/texlive/texmf-dist/tex/latex/pgf/utilities/xxcolor.sty
Package: xxcolor 2003/10/24 ver 0.1
\XC@nummixins=\count117
\XC@countmixins=\count118
)
(/usr/share/texlive/texmf-dist/tex/generic/oberdiek/atbegshi.sty
Package: atbegshi 2016/06/09 v1.18 At begin shipout hook (HO)

(/usr/share/texlive/texmf-dist/tex/generic/oberdiek/infwarerr.sty
Package: infwarerr 2016/05/16 v1.4 Providing info/warning/error messages (HO)
)
(/usr/share/texlive/texmf-dist/tex/generic/oberdiek/ltxcmds.sty
Package: ltxcmds 2016/05/16 v1.23 LaTeX kernel commands for general use (HO)
))
(/usr/share/texlive/texmf-dist/tex/latex/hyperref/hyperref.sty
Package: hyperref 2018/02/06 v6.86b Hypertext links for LaTeX

(/usr/share/texlive/texmf-dist/tex/generic/oberdiek/hobsub-hyperref.sty
Package: hobsub-hyperref 2016/05/16 v1.14 Bundle oberdiek, subset hyperref (HO)


(/usr/share/texlive/texmf-dist/tex/generic/oberdiek/hobsub-generic.sty
Package: hobsub-generic 2016/05/16 v1.14 Bundle oberdiek, subset generic (HO)
Package: hobsub 2016/05/16 v1.14 Construct package bundles (HO)
Package hobsub Info: Skipping package `infwarerr' (already loaded).
Package hobsub Info: Skipping package `ltxcmds' (already loaded).
Package: ifluatex 2016/05/16 v1.4 Provides the ifluatex switch (HO)
Package ifluatex Info: LuaTeX not detected.
Package hobsub Info: Skipping package `ifvtex' (already loaded).
Package: intcalc 2016/05/16 v1.2 Expandable calculations with integers (HO)
Package hobsub Info: Skipping package `ifpdf' (already loaded).
Package: etexcmds 2016/05/16 v1.6 Avoid name clashes with e-TeX commands (HO)
Package etexcmds Info: Could not find \expanded.
(etexcmds)             That can mean that you are not using pdfTeX 1.50 or
(etexcmds)             that some package has redefined \expanded.
(etexcmds)             In the latter case, load this package earlier.
Package: kvsetkeys 2016/05/16 v1.17 Key value parser (HO)
Package: kvdefinekeys 2016/05/16 v1.4 Define keys (HO)
Package: pdftexcmds 2018/01/21 v0.26 Utility functions of pdfTeX for LuaTeX (HO
)
Package pdftexcmds Info: LuaTeX not detected.
Package pdftexcmds Info: \pdf@primitive is available.
Package pdftexcmds Info: \pdf@ifprimitive is available.
Package pdftexcmds Info: \pdfdraftmode found.
Package: pdfescape 2016/05/16 v1.14 Implements pdfTeX's escape features (HO)
Package: bigintcalc 2016/05/16 v1.4 Expandable calculations on big integers (HO
)
Package: bitset 2016/05/16 v1.2 Handle bit-vector datatype (HO)
Package: uniquecounter 2016/05/16 v1.3 Provide unlimited unique counter (HO)
)
Package hobsub Info: Skipping package `hobsub' (already loaded).
Package: letltxmacro 2016/05/16 v1.5 Let assignment for LaTeX macros (HO)
Package: hopatch 2016/05/16 v1.3 Wrapper for package hooks (HO)
Package: xcolor-patch 2016/05/16 xcolor patch
Package: atveryend 2016/05/16 v1.9 Hooks at the very end of document (HO)
Package hobsub Info: Skipping package `atbegshi' (already loaded).
Package: refcount 2016/05/16 v3.5 Data extraction from label references (HO)
Package: hycolor 2016/05/16 v1.8 Color options for hyperref/bookmark (HO)
)
(/usr/share/texlive/texmf-dist/tex/latex/oberdiek/auxhook.sty
Package: auxhook 2016/05/16 v1.4 Hooks for auxiliary files (HO)
)
(/usr/share/texlive/texmf-dist/tex/latex/oberdiek/kvoptions.sty
Package: kvoptions 2016/05/16 v3.12 Key value format for package options (HO)
)
\@linkdim=\dimen163
\Hy@linkcounter=\count119
\Hy@pagecounter=\count120

(/usr/share/texlive/texmf-dist/tex/latex/hyperref/pd1enc.def
File: pd1enc.def 2018/02/06 v6.86b Hyperref: PDFDocEncoding definition (HO)
)
\Hy@SavedSpaceFactor=\count121

(/usr/share/texlive/texmf-dist/tex/latex/latexconfig/hyperref.cfg
File: hyperref.cfg 2002/06/06 v1.2 hyperref configuration of TeXLive
)
Package hyperref Info: Option `bookmarks' set `true' on input line 4383.
Package hyperref Info: Option `bookmarksopen' set `true' on input line 4383.
Package hyperref Info: Option `implicit' set `false' on input line 4383.
Package hyperref Info: Hyper figures OFF on input line 4509.
Package hyperref Info: Link nesting OFF on input line 4514.
Package hyperref Info: Hyper index ON on input line 4517.
Package hyperref Info: Plain pages OFF on input line 4524.
Package hyperref Info: Backreferencing OFF on input line 4529.
Package hyperref Info: Implicit mode OFF; no redefinition of LaTeX internals.
Package hyperref Info: Bookmarks ON on input line 4762.
\c@Hy@tempcnt=\count122

(/usr/share/texlive/texmf-dist/tex/latex/url/url.sty
\Urlmuskip=\muskip10
Package: url 2013/09/16  ver 3.4  Verb mode for urls, etc.
)
LaTeX Info: Redefining \url on input line 5115.
\XeTeXLinkMargin=\dimen164
\Fld@menulength=\count123
\Field@Width=\dimen165
\Fld@charsize=\dimen166
Package hyperref Info: Hyper figures OFF on input line 6369.
Package hyperref Info: Link nesting OFF on input line 6374.
Package hyperref Info: Hyper index ON on input line 6377.
Package hyperref Info: backreferencing OFF on input line 6384.
Package hyperref Info: Link coloring OFF on input line 6389.
Package hyperref Info: Link coloring with OCG OFF on input line 6394.
Package hyperref Info: PDF/A mode OFF on input line 6399.
LaTeX Info: Redefining \ref on input line 6439.
LaTeX Info: Redefining \pageref on input line 6443.
\Hy@abspage=\count124


Package hyperref Message: Stopped early.

)
Package hyperref Info: Driver (autodetected): hpdftex.
 (/usr/share/texlive/texmf-dist/tex/latex/hyperref/hpdftex.def
File: hpdftex.def 2018/02/06 v6.86b Hyperref driver for pdfTeX
\Fld@listcount=\count125
\c@bookmark@seq@number=\count126

(/usr/share/texlive/texmf-dist/tex/latex/oberdiek/rerunfilecheck.sty
Package: rerunfilecheck 2016/05/16 v1.8 Rerun checks for auxiliary files (HO)
Package uniquecounter Info: New unique counter `rerunfilecheck' on input line 2
82.
))
(/usr/share/texlive/texmf-dist/tex/latex/beamer/beamerbaserequires.sty
(/usr/share/texlive/texmf-dist/tex/latex/beamer/beamerbasecompatibility.sty)
(/usr/share/texlive/texmf-dist/tex/latex/beamer/beamerbasefont.sty
(/usr/share/texlive/texmf-dist/tex/latex/amsfonts/amssymb.sty
Package: amssymb 2013/01/14 v3.01 AMS font symbols

(/usr/share/texlive/texmf-dist/tex/latex/amsfonts/amsfonts.sty
Package: amsfonts 2013/01/14 v3.01 Basic AMSFonts support
\@emptytoks=\toks26
\symAMSa=\mathgroup4
\symAMSb=\mathgroup5
LaTeX Font Info:    Overwriting math alphabet `\mathfrak' in version `bold'
(Font)                  U/euf/m/n --> U/euf/b/n on input line 106.
))
(/usr/share/texlive/texmf-dist/tex/latex/sansmathaccent/sansmathaccent.sty
Package: sansmathaccent 2013/03/28

(/usr/share/texlive/texmf-dist/tex/latex/filehook/filehook.sty
Package: filehook 2011/10/12 v0.5d Hooks for input files
)))
(/usr/share/texlive/texmf-dist/tex/latex/beamer/beamerbasetranslator.sty
(/usr/share/texlive/texmf-dist/tex/latex/translator/translator.sty
Package: translator 2018/01/04 v1.12 Easy translation of strings in LaTeX
))
(/usr/share/texlive/texmf-dist/tex/latex/beamer/beamerbasemisc.sty)
(/usr/share/texlive/texmf-dist/tex/latex/beamer/beamerbasetwoscreens.sty)
(/usr/share/texlive/texmf-dist/tex/latex/beamer/beamerbaseoverlay.sty
\beamer@argscount=\count127
\beamer@lastskipcover=\skip44
\beamer@trivlistdepth=\count128
)
(/usr/share/texlive/texmf-dist/tex/latex/beamer/beamerbasetitle.sty)
(/usr/share/texlive/texmf-dist/tex/latex/beamer/beamerbasesection.sty
\c@lecture=\count129
\c@part=\count130
\c@section=\count131
\c@subsection=\count132
\c@subsubsection=\count133
)
(/usr/share/texlive/texmf-dist/tex/latex/beamer/beamerbaseframe.sty
\beamer@framebox=\box40
\beamer@frametitlebox=\box41
\beamer@zoombox=\box42
\beamer@zoomcount=\count134
\beamer@zoomframecount=\count135
\beamer@frametextheight=\dimen167
\c@subsectionslide=\count136
\beamer@frametopskip=\skip45
\beamer@framebottomskip=\skip46
\beamer@frametopskipautobreak=\skip47
\beamer@framebottomskipautobreak=\skip48
\beamer@envbody=\toks27
\framewidth=\dimen168
\c@framenumber=\count137
)
(/usr/share/texlive/texmf-dist/tex/latex/beamer/beamerbaseverbatim.sty
\beamer@verbatimfileout=\write4
)
(/usr/share/texlive/texmf-dist/tex/latex/beamer/beamerbaseframesize.sty
\beamer@splitbox=\box43
\beamer@autobreakcount=\count138
\beamer@autobreaklastheight=\dimen169
\beamer@frametitletoks=\toks28
\beamer@framesubtitletoks=\toks29
)
(/usr/share/texlive/texmf-dist/tex/latex/beamer/beamerbaseframecomponents.sty
\beamer@footins=\box44
)
(/usr/share/texlive/texmf-dist/tex/latex/beamer/beamerbasecolor.sty
\beamer@bg@ht=\dimen170
\beamer@bg@wd=\dimen171
\beamer@bg@dp=\dimen172
)
(/usr/share/texlive/texmf-dist/tex/latex/beamer/beamerbasenotes.sty
\beamer@frameboxcopy=\box45
)
(/usr/share/texlive/texmf-dist/tex/latex/beamer/beamerbasetoc.sty)
(/usr/share/texlive/texmf-dist/tex/latex/beamer/beamerbasetemplates.sty
\beamer@sbttoks=\toks30

(/usr/share/texlive/texmf-dist/tex/latex/beamer/beamerbaseauxtemplates.sty
(/usr/share/texlive/texmf-dist/tex/latex/beamer/beamerbaseboxes.sty
\bmb@box=\box46
\bmb@colorbox=\box47
\bmb@boxshadow=\box48
\bmb@boxshadowball=\box49
\bmb@boxshadowballlarge=\box50
\bmb@temp=\dimen173
\bmb@dima=\dimen174
\bmb@dimb=\dimen175
\bmb@prevheight=\dimen176
)
\beamer@blockheadheight=\dimen177
))
(/usr/share/texlive/texmf-dist/tex/latex/beamer/beamerbaselocalstructure.sty
(/usr/share/texlive/texmf-dist/tex/latex/tools/enumerate.sty
Package: enumerate 2015/07/23 v3.00 enumerate extensions (DPC)
\@enLab=\toks31
)
\c@figure=\count139
\c@table=\count140
\abovecaptionskip=\skip49
\belowcaptionskip=\skip50
)
(/usr/share/texlive/texmf-dist/tex/latex/beamer/beamerbasenavigation.sty
\beamer@section@min@dim=\dimen178
)
(/usr/share/texlive/texmf-dist/tex/latex/beamer/beamerbasetheorems.sty
(/usr/share/texlive/texmf-dist/tex/latex/amsmath/amsmath.sty
Package: amsmath 2017/09/02 v2.17a AMS math features
\@mathmargin=\skip51

For additional information on amsmath, use the `?' option.
(/usr/share/texlive/texmf-dist/tex/latex/amsmath/amstext.sty
Package: amstext 2000/06/29 v2.01 AMS text

(/usr/share/texlive/texmf-dist/tex/latex/amsmath/amsgen.sty
File: amsgen.sty 1999/11/30 v2.0 generic functions
\@emptytoks=\toks32
\ex@=\dimen179
))
(/usr/share/texlive/texmf-dist/tex/latex/amsmath/amsbsy.sty
Package: amsbsy 1999/11/29 v1.2d Bold Symbols
\pmbraise@=\dimen180
)
(/usr/share/texlive/texmf-dist/tex/latex/amsmath/amsopn.sty
Package: amsopn 2016/03/08 v2.02 operator names
)
\inf@bad=\count141
LaTeX Info: Redefining \frac on input line 213.
\uproot@=\count142
\leftroot@=\count143
LaTeX Info: Redefining \overline on input line 375.
\classnum@=\count144
\DOTSCASE@=\count145
LaTeX Info: Redefining \ldots on input line 472.
LaTeX Info: Redefining \dots on input line 475.
LaTeX Info: Redefining \cdots on input line 596.
\Mathstrutbox@=\box51
\strutbox@=\box52
\big@size=\dimen181
LaTeX Font Info:    Redeclaring font encoding OML on input line 712.
LaTeX Font Info:    Redeclaring font encoding OMS on input line 713.
\macc@depth=\count146
\c@MaxMatrixCols=\count147
\dotsspace@=\muskip11
\c@parentequation=\count148
\dspbrk@lvl=\count149
\tag@help=\toks33
\row@=\count150
\column@=\count151
\maxfields@=\count152
\andhelp@=\toks34
\eqnshift@=\dimen182
\alignsep@=\dimen183
\tagshift@=\dimen184
\tagwidth@=\dimen185
\totwidth@=\dimen186
\lineht@=\dimen187
\@envbody=\toks35
\multlinegap=\skip52
\multlinetaggap=\skip53
\mathdisplay@stack=\toks36
LaTeX Info: Redefining \[ on input line 2817.
LaTeX Info: Redefining \] on input line 2818.
)
(/usr/share/texlive/texmf-dist/tex/latex/amscls/amsthm.sty
Package: amsthm 2017/10/31 v2.20.4
\thm@style=\toks37
\thm@bodyfont=\toks38
\thm@headfont=\toks39
\thm@notefont=\toks40
\thm@headpunct=\toks41
\thm@preskip=\skip54
\thm@postskip=\skip55
\thm@headsep=\skip56
\dth@everypar=\toks42
)
\c@theorem=\count153
)
(/usr/share/texlive/texmf-dist/tex/latex/beamer/beamerbasethemes.sty))
(/usr/share/texlive/texmf-dist/tex/latex/beamer/beamerthemedefault.sty
(/usr/share/texlive/texmf-dist/tex/latex/beamer/beamerfontthemedefault.sty)
(/usr/share/texlive/texmf-dist/tex/latex/beamer/beamercolorthemedefault.sty)
(/usr/share/texlive/texmf-dist/tex/latex/beamer/beamerinnerthemedefault.sty
\beamer@dima=\dimen188
\beamer@dimb=\dimen189
)
(/usr/share/texlive/texmf-dist/tex/latex/beamer/beamerouterthemedefault.sty)))
(/usr/share/texlive/texmf-dist/tex/latex/base/inputenc.sty
Package: inputenc 2015/03/17 v1.2c Input encoding file
\inpenc@prehook=\toks43
\inpenc@posthook=\toks44

(/usr/share/texlive/texmf-dist/tex/latex/ucs/utf8x.def
File: utf8x.def 2004/10/17 UCS: Input encoding UTF-8
))
(/usr/share/texlive/texmf-dist/tex/latex/ucs/ucs.sty
Package: ucs 2013/05/11 v2.2 UCS: Unicode input support

(/usr/share/texlive/texmf-dist/tex/latex/ucs/data/uni-global.def
File: uni-global.def 2013/05/13 UCS: Unicode global data
)
\uc@secondtry=\count154
\uc@combtoks=\toks45
\uc@combtoksb=\toks46
\uc@temptokena=\toks47
)
(/usr/share/texlive/texmf-dist/tex/latex/fontawesome/fontawesome.sty
Package: fontawesome 2016/05/15 v4.6.3.1 font awesome icons

(/usr/share/texlive/texmf-dist/tex/latex/fontawesome/fontawesomesymbols-generic
.tex)
(/usr/share/texlive/texmf-dist/tex/latex/fontawesome/fontawesomesymbols-pdftex.
tex)) (/usr/share/texlive/texmf-dist/tex/generic/babel/babel.sty
Package: babel 2018/02/14 3.18 The Babel package

(/usr/share/texlive/texmf-dist/tex/generic/babel/switch.def
File: switch.def 2018/02/14 3.18 Babel switching mechanism
)
(/usr/share/texlive/texmf-dist/tex/generic/babel-english/english.ldf
Language: english 2017/06/06 v3.3r English support from the babel system

(/usr/share/texlive/texmf-dist/tex/generic/babel/babel.def
File: babel.def 2018/02/14 3.18 Babel common definitions
\babel@savecnt=\count155
\U@D=\dimen190

(/usr/share/texlive/texmf-dist/tex/generic/babel/txtbabel.def)
LaTeX Info: Redefining \textlatin on input line 1839.
\bbl@dirlevel=\count156
)
\l@british = a dialect from \language\l@english 
\l@UKenglish = a dialect from \language\l@english 
\l@canadian = a dialect from \language\l@american 
\l@australian = a dialect from \language\l@british 
\l@newzealand = a dialect from \language\l@british 
)
(/usr/share/texlive/texmf-dist/tex/generic/babel-german/ngerman.ldf
Language: ngerman 2016/11/02 v2.9 German support for babel (new orthography)

(/usr/share/texlive/texmf-dist/tex/generic/babel-german/ngermanb.ldf
Language: ngermanb 2016/11/02 v2.9 German support for babel (new orthography)
Package babel Info: Making " an active character on input line 125.
)))
(/usr/share/texlive/texmf-dist/tex/latex/base/fontenc.sty
Package: fontenc 2017/04/05 v2.0i Standard LaTeX package

(/usr/share/texlive/texmf-dist/tex/latex/base/t1enc.def
File: t1enc.def 2017/04/05 v2.0i Standard LaTeX file
LaTeX Font Info:    Redeclaring font encoding T1 on input line 48.
))
(/usr/share/texlive/texmf-dist/tex/latex/fira/FiraSans.sty
Package: FiraSans 2018/01/09 (Bob Tennent and autoinst) Style file for Fira San
s fonts.

(/usr/share/texlive/texmf-dist/tex/latex/xkeyval/xkeyval.sty
Package: xkeyval 2014/12/03 v2.7a package option processing (HA)

(/usr/share/texlive/texmf-dist/tex/generic/xkeyval/xkeyval.tex
(/usr/share/texlive/texmf-dist/tex/generic/xkeyval/xkvutils.tex
\XKV@toks=\toks48
\XKV@tempa@toks=\toks49
)
\XKV@depth=\count157
File: xkeyval.tex 2014/12/03 v2.7a key=value parser (HA)
))
(/usr/share/texlive/texmf-dist/tex/latex/base/textcomp.sty
Package: textcomp 2017/04/05 v2.0i Standard LaTeX package
Package textcomp Info: Sub-encoding information:
(textcomp)               5 = only ISO-Adobe without \textcurrency
(textcomp)               4 = 5 + \texteuro
(textcomp)               3 = 4 + \textohm
(textcomp)               2 = 3 + \textestimated + \textcurrency
(textcomp)               1 = TS1 - \textcircled - \t
(textcomp)               0 = TS1 (full)
(textcomp)             Font families with sub-encoding setting implement
(textcomp)             only a restricted character set as indicated.
(textcomp)             Family '?' is the default used for unknown fonts.
(textcomp)             See the documentation for details.
Package textcomp Info: Setting ? sub-encoding to TS1/1 on input line 79.

(/usr/share/texlive/texmf-dist/tex/latex/base/ts1enc.def
File: ts1enc.def 2001/06/05 v3.0e (jk/car/fm) Standard LaTeX file
)
LaTeX Info: Redefining \oldstylenums on input line 334.
Package textcomp Info: Setting cmr sub-encoding to TS1/0 on input line 349.
Package textcomp Info: Setting cmss sub-encoding to TS1/0 on input line 350.
Package textcomp Info: Setting cmtt sub-encoding to TS1/0 on input line 351.
Package textcomp Info: Setting cmvtt sub-encoding to TS1/0 on input line 352.
Package textcomp Info: Setting cmbr sub-encoding to TS1/0 on input line 353.
Package textcomp Info: Setting cmtl sub-encoding to TS1/0 on input line 354.
Package textcomp Info: Setting ccr sub-encoding to TS1/0 on input line 355.
Package textcomp Info: Setting ptm sub-encoding to TS1/4 on input line 356.
Package textcomp Info: Setting pcr sub-encoding to TS1/4 on input line 357.
Package textcomp Info: Setting phv sub-encoding to TS1/4 on input line 358.
Package textcomp Info: Setting ppl sub-encoding to TS1/3 on input line 359.
Package textcomp Info: Setting pag sub-encoding to TS1/4 on input line 360.
Package textcomp Info: Setting pbk sub-encoding to TS1/4 on input line 361.
Package textcomp Info: Setting pnc sub-encoding to TS1/4 on input line 362.
Package textcomp Info: Setting pzc sub-encoding to TS1/4 on input line 363.
Package textcomp Info: Setting bch sub-encoding to TS1/4 on input line 364.
Package textcomp Info: Setting put sub-encoding to TS1/5 on input line 365.
Package textcomp Info: Setting uag sub-encoding to TS1/5 on input line 366.
Package textcomp Info: Setting ugq sub-encoding to TS1/5 on input line 367.
Package textcomp Info: Setting ul8 sub-encoding to TS1/4 on input line 368.
Package textcomp Info: Setting ul9 sub-encoding to TS1/4 on input line 369.
Package textcomp Info: Setting augie sub-encoding to TS1/5 on input line 370.
Package textcomp Info: Setting dayrom sub-encoding to TS1/3 on input line 371.
Package textcomp Info: Setting dayroms sub-encoding to TS1/3 on input line 372.

Package textcomp Info: Setting pxr sub-encoding to TS1/0 on input line 373.
Package textcomp Info: Setting pxss sub-encoding to TS1/0 on input line 374.
Package textcomp Info: Setting pxtt sub-encoding to TS1/0 on input line 375.
Package textcomp Info: Setting txr sub-encoding to TS1/0 on input line 376.
Package textcomp Info: Setting txss sub-encoding to TS1/0 on input line 377.
Package textcomp Info: Setting txtt sub-encoding to TS1/0 on input line 378.
Package textcomp Info: Setting lmr sub-encoding to TS1/0 on input line 379.
Package textcomp Info: Setting lmdh sub-encoding to TS1/0 on input line 380.
Package textcomp Info: Setting lmss sub-encoding to TS1/0 on input line 381.
Package textcomp Info: Setting lmssq sub-encoding to TS1/0 on input line 382.
Package textcomp Info: Setting lmvtt sub-encoding to TS1/0 on input line 383.
Package textcomp Info: Setting lmtt sub-encoding to TS1/0 on input line 384.
Package textcomp Info: Setting qhv sub-encoding to TS1/0 on input line 385.
Package textcomp Info: Setting qag sub-encoding to TS1/0 on input line 386.
Package textcomp Info: Setting qbk sub-encoding to TS1/0 on input line 387.
Package textcomp Info: Setting qcr sub-encoding to TS1/0 on input line 388.
Package textcomp Info: Setting qcs sub-encoding to TS1/0 on input line 389.
Package textcomp Info: Setting qpl sub-encoding to TS1/0 on input line 390.
Package textcomp Info: Setting qtm sub-encoding to TS1/0 on input line 391.
Package textcomp Info: Setting qzc sub-encoding to TS1/0 on input line 392.
Package textcomp Info: Setting qhvc sub-encoding to TS1/0 on input line 393.
Package textcomp Info: Setting futs sub-encoding to TS1/4 on input line 394.
Package textcomp Info: Setting futx sub-encoding to TS1/4 on input line 395.
Package textcomp Info: Setting futj sub-encoding to TS1/4 on input line 396.
Package textcomp Info: Setting hlh sub-encoding to TS1/3 on input line 397.
Package textcomp Info: Setting hls sub-encoding to TS1/3 on input line 398.
Package textcomp Info: Setting hlst sub-encoding to TS1/3 on input line 399.
Package textcomp Info: Setting hlct sub-encoding to TS1/5 on input line 400.
Package textcomp Info: Setting hlx sub-encoding to TS1/5 on input line 401.
Package textcomp Info: Setting hlce sub-encoding to TS1/5 on input line 402.
Package textcomp Info: Setting hlcn sub-encoding to TS1/5 on input line 403.
Package textcomp Info: Setting hlcw sub-encoding to TS1/5 on input line 404.
Package textcomp Info: Setting hlcf sub-encoding to TS1/5 on input line 405.
Package textcomp Info: Setting pplx sub-encoding to TS1/3 on input line 406.
Package textcomp Info: Setting pplj sub-encoding to TS1/3 on input line 407.
Package textcomp Info: Setting ptmx sub-encoding to TS1/4 on input line 408.
Package textcomp Info: Setting ptmj sub-encoding to TS1/4 on input line 409.
)
(/usr/share/texlive/texmf-dist/tex/latex/base/fontenc.sty
Package: fontenc 2017/04/05 v2.0i Standard LaTeX package
)
(/usr/share/texlive/texmf-dist/tex/latex/mweights/mweights.sty
Package: mweights 2017/03/30 (Bob Tennent) Support package for multiple-weight 
font packages. 
LaTeX Info: Redefining \bfseries on input line 22.
LaTeX Info: Redefining \mdseries on input line 30.
LaTeX Info: Redefining \rmfamily on input line 38.
LaTeX Info: Redefining \sffamily on input line 66.
LaTeX Info: Redefining \ttfamily on input line 94.
)
(/usr/share/texlive/texmf-dist/tex/latex/fontaxes/fontaxes.sty
Package: fontaxes 2014/03/23 v1.0d Font selection axes
LaTeX Info: Redefining \upshape on input line 29.
LaTeX Info: Redefining \itshape on input line 31.
LaTeX Info: Redefining \slshape on input line 33.
LaTeX Info: Redefining \scshape on input line 37.
))
(/usr/share/texlive/texmf-dist/tex/latex/beamertheme-metropolis/beamerthememetr
opolis.sty
Package: beamerthememetropolis 2017/01/23 v1.2 Metropolis Beamer theme
 (/usr/share/texlive/texmf-dist/tex/latex/pgfopts/pgfopts.sty
Package: pgfopts 2014/07/10 v2.1a LaTeX package options with pgfkeys

(/usr/share/texlive/texmf-dist/tex/latex/pgf/utilities/pgfkeys.sty
(/usr/share/texlive/texmf-dist/tex/generic/pgf/utilities/pgfkeys.code.tex))
\pgfopts@list@add@a@toks=\toks50
\pgfopts@list@add@b@toks=\toks51
)
(/usr/share/texlive/texmf-dist/tex/latex/beamertheme-metropolis/beamerinnerthem
emetropolis.sty
Package: beamerinnerthememetropolis 2017/01/23 Metropolis inner theme
 (/usr/share/texlive/texmf-dist/tex/latex/tools/calc.sty
Package: calc 2014/10/28 v4.3 Infix arithmetic (KKT,FJ)
\calc@Acount=\count158
\calc@Bcount=\count159
\calc@Adimen=\dimen191
\calc@Bdimen=\dimen192
\calc@Askip=\skip57
\calc@Bskip=\skip58
LaTeX Info: Redefining \setlength on input line 80.
LaTeX Info: Redefining \addtolength on input line 81.
\calc@Ccount=\count160
\calc@Cskip=\skip59
)
(/usr/share/texlive/texmf-dist/tex/latex/pgf/frontendlayer/tikz.sty
(/usr/share/texlive/texmf-dist/tex/latex/pgf/basiclayer/pgf.sty
Package: pgf 2015/08/07 v3.0.1a (rcs-revision 1.15)

(/usr/share/texlive/texmf-dist/tex/generic/pgf/modules/pgfmoduleshapes.code.tex
File: pgfmoduleshapes.code.tex 2014/03/21  (rcs-revision 1.35)
\pgfnodeparttextbox=\box53
) (/usr/share/texlive/texmf-dist/tex/generic/pgf/modules/pgfmoduleplot.code.tex
File: pgfmoduleplot.code.tex 2015/08/03  (rcs-revision 1.13)
)
(/usr/share/texlive/texmf-dist/tex/latex/pgf/compatibility/pgfcomp-version-0-65
.sty
Package: pgfcomp-version-0-65 2007/07/03 v3.0.1a (rcs-revision 1.7)
\pgf@nodesepstart=\dimen193
\pgf@nodesepend=\dimen194
)
(/usr/share/texlive/texmf-dist/tex/latex/pgf/compatibility/pgfcomp-version-1-18
.sty
Package: pgfcomp-version-1-18 2007/07/23 v3.0.1a (rcs-revision 1.1)
)) (/usr/share/texlive/texmf-dist/tex/latex/pgf/utilities/pgffor.sty
(/usr/share/texlive/texmf-dist/tex/latex/pgf/math/pgfmath.sty
(/usr/share/texlive/texmf-dist/tex/generic/pgf/math/pgfmath.code.tex))
(/usr/share/texlive/texmf-dist/tex/generic/pgf/utilities/pgffor.code.tex
Package: pgffor 2013/12/13 v3.0.1a (rcs-revision 1.25)

(/usr/share/texlive/texmf-dist/tex/generic/pgf/math/pgfmath.code.tex)
\pgffor@iter=\dimen195
\pgffor@skip=\dimen196
\pgffor@stack=\toks52
\pgffor@toks=\toks53
))
(/usr/share/texlive/texmf-dist/tex/generic/pgf/frontendlayer/tikz/tikz.code.tex
Package: tikz 2015/08/07 v3.0.1a (rcs-revision 1.151)

(/usr/share/texlive/texmf-dist/tex/generic/pgf/libraries/pgflibraryplothandlers
.code.tex
File: pgflibraryplothandlers.code.tex 2013/08/31 v3.0.1a (rcs-revision 1.20)
\pgf@plot@mark@count=\count161
\pgfplotmarksize=\dimen197
)
\tikz@lastx=\dimen198
\tikz@lasty=\dimen199
\tikz@lastxsaved=\dimen256
\tikz@lastysaved=\dimen257
\tikzleveldistance=\dimen258
\tikzsiblingdistance=\dimen259
\tikz@figbox=\box54
\tikz@figbox@bg=\box55
\tikz@tempbox=\box56
\tikz@tempbox@bg=\box57
\tikztreelevel=\count162
\tikznumberofchildren=\count163
\tikznumberofcurrentchild=\count164
\tikz@fig@count=\count165

(/usr/share/texlive/texmf-dist/tex/generic/pgf/modules/pgfmodulematrix.code.tex
File: pgfmodulematrix.code.tex 2013/09/17  (rcs-revision 1.8)
\pgfmatrixcurrentrow=\count166
\pgfmatrixcurrentcolumn=\count167
\pgf@matrix@numberofcolumns=\count168
)
\tikz@expandcount=\count169

(/usr/share/texlive/texmf-dist/tex/generic/pgf/frontendlayer/tikz/libraries/tik
zlibrarytopaths.code.tex
File: tikzlibrarytopaths.code.tex 2008/06/17 v3.0.1a (rcs-revision 1.2)
)))
\metropolis@titleseparator@linewidth=\skip60
\metropolis@progressonsectionpage=\skip61
\metropolis@progressonsectionpage@linewidth=\skip62
\metropolis@blocksep=\skip63
\metropolis@blockadjust=\skip64
\metropolis@parskip=\skip65
)
(/usr/share/texlive/texmf-dist/tex/latex/beamertheme-metropolis/beamerouterthem
emetropolis.sty
Package: beamerouterthememetropolis 2017/01/23 Metropolis outer theme
\metropolis@frametitle@padding=\skip66
\metropolis@progressinheadfoot=\skip67
\metropolis@progressinheadfoot@linewidth=\skip68
)
(/usr/share/texlive/texmf-dist/tex/latex/beamertheme-metropolis/beamercolorthem
emetropolis.sty
Package: beamercolorthememetropolis 2017/01/23 Metropolis color theme
)
(/usr/share/texlive/texmf-dist/tex/latex/beamertheme-metropolis/beamerfonttheme
metropolis.sty
Package: beamerfontthememetropolis 2017/01/23 Metropolis font theme


Package beamerthememetropolis Warning: You need to compile with XeLaTeX or LuaL
aTeX to use the Fira fonts on input line 95.

)) (/usr/share/texlive/texmf-dist/tex/latex/minted/minted.sty
Package: minted 2017/07/19 v2.5 Yet another Pygments shim for LaTeX

(/usr/share/texlive/texmf-dist/tex/latex/fvextra/fvextra.sty
Package: fvextra 2017/07/08 v1.3.1 fvextra - extensions and patches for fancyvr
b

(/usr/share/texlive/texmf-dist/tex/latex/base/ifthen.sty
Package: ifthen 2014/09/29 v1.1c Standard LaTeX ifthen package (DPC)
)
(/usr/share/texlive/texmf-dist/tex/latex/fancyvrb/fancyvrb.sty
Package: fancyvrb 2008/02/07

Style option: `fancyvrb' v2.7a, with DG/SPQR fixes, and firstline=lastline fix 
<2008/02/07> (tvz)
\FV@CodeLineNo=\count170
\FV@InFile=\read2
\FV@TabBox=\box58
\c@FancyVerbLine=\count171
\FV@StepNumber=\count172
\FV@OutFile=\write5
)
(/usr/share/texlive/texmf-dist/tex/latex/upquote/upquote.sty
Package: upquote 2012/04/19 v1.3 upright-quote and grave-accent glyphs in verba
tim
)
(/usr/share/texlive/texmf-dist/tex/latex/lineno/lineno.sty
Package: lineno 2005/11/02 line numbers on paragraphs v4.41
\linenopenalty=\count173
\output=\toks54
\linenoprevgraf=\count174
\linenumbersep=\dimen260
\linenumberwidth=\dimen261
\c@linenumber=\count175
\c@pagewiselinenumber=\count176
\c@LN@truepage=\count177
\c@internallinenumber=\count178
\c@internallinenumbers=\count179
\quotelinenumbersep=\dimen262
\bframerule=\dimen263
\bframesep=\dimen264
\bframebox=\box59
LaTeX Info: Redefining \\ on input line 3056.
)
\c@FV@TrueTabGroupLevel=\count180
\c@FV@TrueTabCounter=\count181
\FV@TabBox@Group=\box60
\FV@TmpLength=\skip69
\c@FV@HighlightLinesStart=\count182
\c@FV@HighlightLinesStop=\count183
\FV@LoopCount=\count184
\FV@NCharsBox=\box61
\FV@BreakIndent=\dimen265
\FV@BreakIndentNChars=\count185
\FV@BreakSymbolSepLeft=\dimen266
\FV@BreakSymbolSepLeftNChars=\count186
\FV@BreakSymbolSepRight=\dimen267
\FV@BreakSymbolSepRightNChars=\count187
\FV@BreakSymbolIndentLeft=\dimen268
\FV@BreakSymbolIndentLeftNChars=\count188
\FV@BreakSymbolIndentRight=\dimen269
\FV@BreakSymbolIndentRightNChars=\count189
\c@FancyVerbLineBreakLast=\count190
\FV@LineBox=\box62
\FV@LineIndentBox=\box63
)
(/usr/share/texlive/texmf-dist/tex/latex/tools/shellesc.sty
Package: shellesc 2016/06/07 v0.02a unified shell escape interface for LaTeX
Package shellesc Info: Unrestricted shell escape enabled on input line 67.
)
(/usr/share/texlive/texmf-dist/tex/latex/ifplatform/ifplatform.sty
Package: ifplatform 2017/10/13 v0.4a Testing for the operating system

(/usr/share/texlive/texmf-dist/tex/generic/oberdiek/catchfile.sty
Package: catchfile 2016/05/16 v1.7 Catch the contents of a file (HO)
)
runsystem(uname -s > "main_slides.w18")...executed.


(./main_slides.w18)
runsystem(rm -- "main_slides.w18")...executed.

)
(/usr/share/texlive/texmf-dist/tex/generic/xstring/xstring.sty
(/usr/share/texlive/texmf-dist/tex/generic/xstring/xstring.tex
\@xs@message=\write6
\integerpart=\count191
\decimalpart=\count192
)
Package: xstring 2013/10/13  v1.7c  String manipulations (C Tellechea)
)
(/usr/share/texlive/texmf-dist/tex/latex/framed/framed.sty
Package: framed 2011/10/22 v 0.96: framed or shaded text with page breaks
\OuterFrameSep=\skip70
\fb@frw=\dimen270
\fb@frh=\dimen271
\FrameRule=\dimen272
\FrameSep=\dimen273
)
(/usr/share/texlive/texmf-dist/tex/latex/float/float.sty
Package: float 2001/11/08 v1.3d Float enhancements (AL)
\c@float@type=\count193
\float@exts=\toks55
\float@box=\box64
\@float@everytoks=\toks56
\@floatcapt=\box65
)
\minted@appexistsfile=\read3
\minted@bgbox=\box66
\minted@code=\write7
\c@minted@FancyVerbLineTemp=\count194
\c@minted@pygmentizecounter=\count195
\@float@every@listing=\toks57
\c@listing=\count196
)
runsystem(mkdir -p _minted-main_slides)...executed.


(/usr/share/texlive/texmf-dist/tex/latex/tcolorbox/tcolorbox.sty
Package: tcolorbox 2018/01/12 version 4.12 text color boxes

(/usr/share/texlive/texmf-dist/tex/latex/tools/verbatim.sty
Package: verbatim 2014/10/28 v1.5q LaTeX2e package for verbatim enhancements
\every@verbatim=\toks58
\verbatim@line=\toks59
\verbatim@in@stream=\read4
)
(/usr/share/texlive/texmf-dist/tex/latex/environ/environ.sty
Package: environ 2014/05/04 v0.3 A new way to define environments

(/usr/share/texlive/texmf-dist/tex/latex/trimspaces/trimspaces.sty
Package: trimspaces 2009/09/17 v1.1 Trim spaces around a token list
))
\tcb@titlebox=\box67
\tcb@upperbox=\box68
\tcb@lowerbox=\box69
\tcb@phantombox=\box70
\c@tcbbreakpart=\count197
\c@tcblayer=\count198
\tcolorbox@number=\count199
\tcb@temp=\box71
\tcb@temp=\box72
\tcb@temp=\box73
\tcb@temp=\box74
\tcb@out=\write8
\tcb@record@out=\write9
)
(/usr/share/texlive/texmf-dist/tex/latex/tcolorbox/tcbraster.code.tex
Library (tcolorbox): 'tcbraster.code.tex' version '4.12'
\c@tcbrastercolumn=\count266
\c@tcbrasterrow=\count267
\c@tcbraster=\count268
) (/usr/share/texlive/texmf-dist/tex/latex/tcolorbox/tcbskins.code.tex
Library (tcolorbox): 'tcbskins.code.tex' version '4.12'
\tcb@waterbox=\box75
(/usr/share/texlive/texmf-dist/tex/latex/tcolorbox/tcbskinsjigsaw.code.tex
Library (tcolorbox): 'tcbskinsjigsaw.code.tex' version '4.12'
)) (/usr/share/texlive/texmf-dist/tex/latex/tcolorbox/tcbbreakable.code.tex
Library (tcolorbox): 'tcbbreakable.code.tex' version '4.12'
\tcb@testbox=\box76
\tcb@totalupperbox=\box77
\tcb@totallowerbox=\box78
) (/usr/share/texlive/texmf-dist/tex/latex/tcolorbox/tcbhooks.code.tex
Library (tcolorbox): 'tcbhooks.code.tex' version '4.12'
) (/usr/share/texlive/texmf-dist/tex/latex/tcolorbox/tcbtheorems.code.tex
Library (tcolorbox): 'tcbtheorems.code.tex' version '4.12'
) (/usr/share/texlive/texmf-dist/tex/latex/tcolorbox/tcbfitting.code.tex
Library (tcolorbox): 'tcbfitting.code.tex' version '4.12'
\tcbfitdim=\dimen274
\tcb@lowerfitdim=\dimen275
\tcb@upperfitdim=\dimen276
\tcb@cur@hbadness=\count269
) (/usr/share/texlive/texmf-dist/tex/latex/tcolorbox/tcbxparse.code.tex
Library (tcolorbox): 'tcbxparse.code.tex' version '4.12'
(/usr/share/texlive/texmf-dist/tex/latex/l3packages/xparse/xparse.sty
(/usr/share/texlive/texmf-dist/tex/latex/l3kernel/expl3.sty
Package: expl3 2018/02/21 L3 programming layer (loader) 

(/usr/share/texlive/texmf-dist/tex/latex/l3kernel/expl3-code.tex
Package: expl3 2018/02/21 L3 programming layer (code)
\c_max_int=\count270
\l_tmpa_int=\count271
\l_tmpb_int=\count272
\g_tmpa_int=\count273
\g_tmpb_int=\count274
\g__intarray_font_int=\count275
\g__prg_map_int=\count276
\c_log_iow=\count277
\l_iow_line_count_int=\count278
\l__iow_line_target_int=\count279
\l__iow_one_indent_int=\count280
\l__iow_indent_int=\count281
\c_zero_dim=\dimen277
\c_max_dim=\dimen278
\l_tmpa_dim=\dimen279
\l_tmpb_dim=\dimen280
\g_tmpa_dim=\dimen281
\g_tmpb_dim=\dimen282
\c_zero_skip=\skip71
\c_max_skip=\skip72
\l_tmpa_skip=\skip73
\l_tmpb_skip=\skip74
\g_tmpa_skip=\skip75
\g_tmpb_skip=\skip76
\c_zero_muskip=\muskip12
\c_max_muskip=\muskip13
\l_tmpa_muskip=\muskip14
\l_tmpb_muskip=\muskip15
\g_tmpa_muskip=\muskip16
\g_tmpb_muskip=\muskip17
\l_keys_choice_int=\count282
\c__fp_leading_shift_int=\count283
\c__fp_middle_shift_int=\count284
\c__fp_trailing_shift_int=\count285
\c__fp_big_leading_shift_int=\count286
\c__fp_big_middle_shift_int=\count287
\c__fp_big_trailing_shift_int=\count288
\c__fp_Bigg_leading_shift_int=\count289
\c__fp_Bigg_middle_shift_int=\count290
\c__fp_Bigg_trailing_shift_int=\count291
\c__fp_rand_size_int=\count292
\c__fp_rand_four_int=\count293
\c__fp_rand_eight_int=\count294
\l__sort_length_int=\count295
\l__sort_min_int=\count296
\l__sort_top_int=\count297
\l__sort_max_int=\count298
\l__sort_true_max_int=\count299
\l__sort_block_int=\count300
\l__sort_begin_int=\count301
\l__sort_end_int=\count302
\l__sort_A_int=\count303
\l__sort_B_int=\count304
\l__sort_C_int=\count305
\l__tl_build_start_index_int=\count306
\l__tl_build_index_int=\count307
\l__tl_analysis_normal_int=\count308
\l__tl_analysis_index_int=\count309
\l__tl_analysis_nesting_int=\count310
\l__tl_analysis_type_int=\count311
\l__regex_internal_a_int=\count312
\l__regex_internal_b_int=\count313
\l__regex_internal_c_int=\count314
\l__regex_balance_int=\count315
\l__regex_group_level_int=\count316
\l__regex_mode_int=\count317
\c__regex_cs_in_class_mode_int=\count318
\c__regex_cs_mode_int=\count319
\l__regex_catcodes_int=\count320
\l__regex_default_catcodes_int=\count321
\c__regex_catcode_D_int=\count322
\c__regex_catcode_S_int=\count323
\c__regex_catcode_L_int=\count324
\c__regex_catcode_O_int=\count325
\c__regex_catcode_A_int=\count326
\c__regex_all_catcodes_int=\count327
\l__regex_show_lines_int=\count328
\l__regex_min_state_int=\count329
\l__regex_max_state_int=\count330
\l__regex_left_state_int=\count331
\l__regex_right_state_int=\count332
\l__regex_capturing_group_int=\count333
\l__regex_min_pos_int=\count334
\l__regex_max_pos_int=\count335
\l__regex_curr_pos_int=\count336
\l__regex_start_pos_int=\count337
\l__regex_success_pos_int=\count338
\l__regex_curr_char_int=\count339
\l__regex_curr_catcode_int=\count340
\l__regex_last_char_int=\count341
\l__regex_case_changed_char_int=\count342
\l__regex_curr_state_int=\count343
\l__regex_step_int=\count344
\l__regex_min_active_int=\count345
\l__regex_max_active_int=\count346
\l__regex_replacement_csnames_int=\count347
\l__regex_match_count_int=\count348
\l__regex_min_submatch_int=\count349
\l__regex_submatch_int=\count350
\l__regex_zeroth_submatch_int=\count351
\g__regex_trace_regex_int=\count352
\c_empty_box=\box79
\l_tmpa_box=\box80
\l_tmpb_box=\box81
\g_tmpa_box=\box82
\g_tmpb_box=\box83
\l__box_top_dim=\dimen283
\l__box_bottom_dim=\dimen284
\l__box_left_dim=\dimen285
\l__box_right_dim=\dimen286
\l__box_top_new_dim=\dimen287
\l__box_bottom_new_dim=\dimen288
\l__box_left_new_dim=\dimen289
\l__box_right_new_dim=\dimen290
\l__box_internal_box=\box84
\l__coffin_internal_box=\box85
\l__coffin_internal_dim=\dimen291
\l__coffin_offset_x_dim=\dimen292
\l__coffin_offset_y_dim=\dimen293
\l__coffin_x_dim=\dimen294
\l__coffin_y_dim=\dimen295
\l__coffin_x_prime_dim=\dimen296
\l__coffin_y_prime_dim=\dimen297
\c_empty_coffin=\box86
\l__coffin_aligned_coffin=\box87
\l__coffin_aligned_internal_coffin=\box88
\l_tmpa_coffin=\box89
\l_tmpb_coffin=\box90
\l__coffin_display_coffin=\box91
\l__coffin_display_coord_coffin=\box92
\l__coffin_display_pole_coffin=\box93
\l__coffin_display_offset_dim=\dimen298
\l__coffin_display_x_dim=\dimen299
\l__coffin_display_y_dim=\dimen300
\l__coffin_bounding_shift_dim=\dimen301
\l__coffin_left_corner_dim=\dimen302
\l__coffin_right_corner_dim=\dimen303
\l__coffin_bottom_corner_dim=\dimen304
\l__coffin_top_corner_dim=\dimen305
\l__coffin_scaled_total_height_dim=\dimen306
\l__coffin_scaled_width_dim=\dimen307
)
(/usr/share/texlive/texmf-dist/tex/latex/l3kernel/l3pdfmode.def
File: l3pdfmode.def 2017/03/18 v L3 Experimental driver: PDF mode
\l__driver_color_stack_int=\count353
\l__driver_tmp_box=\box94
))
Package: xparse 2018/02/21 L3 Experimental document command parser
\l__xparse_current_arg_int=\count354
\g__xparse_grabber_int=\count355
\l__xparse_m_args_int=\count356
\l__xparse_mandatory_args_int=\count357
\l__xparse_v_nesting_int=\count358
)
.................................................
. LaTeX info: "xparse/define-command"
. 
. Defining command \tcboxverb with sig. ' O{} v ' on line 128.
.................................................
.................................................
. LaTeX info: "xparse/define-command"
. 
. Defining command \tcbsidebyside with sig. ' +O{} +m +m ' on line 280.
.................................................
)
(/usr/share/texlive/texmf-dist/tex/latex/tcolorbox/tcblistingsutf8.code.tex
Library (tcolorbox): 'tcblistingsutf8.code.tex' version '4.12'
(/usr/share/texlive/texmf-dist/tex/latex/oberdiek/listingsutf8.sty
Package: listingsutf8 2016/05/16 v1.3 Allow UTF-8 in listings input (HO)

(/usr/share/texlive/texmf-dist/tex/latex/listings/listings.sty
\lst@mode=\count359
\lst@gtempboxa=\box95
\lst@token=\toks60
\lst@length=\count360
\lst@currlwidth=\dimen308
\lst@column=\count361
\lst@pos=\count362
\lst@lostspace=\dimen309
\lst@width=\dimen310
\lst@newlines=\count363
\lst@lineno=\count364
\lst@maxwidth=\dimen311

(/usr/share/texlive/texmf-dist/tex/latex/listings/lstmisc.sty
File: lstmisc.sty 2015/06/04 1.6 (Carsten Heinz)
\c@lstnumber=\count365
\lst@skipnumbers=\count366
\lst@framebox=\box96
)
(/usr/share/texlive/texmf-dist/tex/latex/listings/listings.cfg
File: listings.cfg 2015/06/04 1.6 listings configuration
))
Package: listings 2015/06/04 1.6 (Carsten Heinz)

(/usr/share/texlive/texmf-dist/tex/generic/oberdiek/stringenc.sty
Package: stringenc 2016/05/16 v1.11 Convert strings between diff. encodings (HO
)
))
(/usr/share/texlive/texmf-dist/tex/latex/tcolorbox/tcblistings.code.tex
Library (tcolorbox): 'tcblistings.code.tex' version '4.12'
(/usr/share/texlive/texmf-dist/tex/latex/tcolorbox/tcblistingscore.code.tex
Library (tcolorbox): 'tcblistingscore.code.tex' version '4.12'
(/usr/share/texlive/texmf-dist/tex/latex/tcolorbox/tcbprocessing.code.tex
Library (tcolorbox): 'tcbprocessing.code.tex' version '4.12'
)
\c@tcblisting=\count367
))) (/usr/share/texlive/texmf-dist/tex/latex/tcolorbox/tcbexternal.code.tex
Library (tcolorbox): 'tcbexternal.code.tex' version '4.12'
) (/usr/share/texlive/texmf-dist/tex/latex/tcolorbox/tcbmagazine.code.tex
Library (tcolorbox): 'tcbmagazine.code.tex' version '4.12'
) (/usr/share/texlive/texmf-dist/tex/latex/tcolorbox/tcbvignette.code.tex
Library (tcolorbox): 'tcbvignette.code.tex' version '4.12'

(/usr/share/texlive/texmf-dist/tex/generic/pgf/frontendlayer/tikz/libraries/tik
zlibraryfadings.code.tex
File: tikzlibraryfadings.code.tex 2009/11/15 v3.0.1a (rcs-revision 1.2)

(/usr/share/texlive/texmf-dist/tex/generic/pgf/libraries/pgflibraryfadings.code
.tex
File: pgflibraryfadings.code.tex 2008/02/07 v3.0.1a (rcs-revision 1.3)
))) (/usr/share/texlive/texmf-dist/tex/latex/tcolorbox/tcbposter.code.tex
Library (tcolorbox): 'tcbposter.code.tex' version '4.12'
) (/usr/share/texlive/texmf-dist/tex/latex/tcolorbox/tcbminted.code.tex
Library (tcolorbox): 'tcbminted.code.tex' version '4.12'
)
runsystem(which pygmentize && touch main_slides.aex)...executed.

runsystem(rm main_slides.aex)...executed.

 (./main_slides.aux)
\openout1 = `main_slides.aux'.

LaTeX Font Info:    Checking defaults for OML/cmm/m/it on input line 99.
LaTeX Font Info:    ... okay on input line 99.
LaTeX Font Info:    Checking defaults for T1/cmr/m/n on input line 99.
LaTeX Font Info:    ... okay on input line 99.
LaTeX Font Info:    Checking defaults for OT1/cmr/m/n on input line 99.
LaTeX Font Info:    ... okay on input line 99.
LaTeX Font Info:    Checking defaults for OMS/cmsy/m/n on input line 99.
LaTeX Font Info:    ... okay on input line 99.
LaTeX Font Info:    Checking defaults for OMX/cmex/m/n on input line 99.
LaTeX Font Info:    ... okay on input line 99.
LaTeX Font Info:    Checking defaults for U/cmr/m/n on input line 99.
LaTeX Font Info:    ... okay on input line 99.
LaTeX Font Info:    Checking defaults for PD1/pdf/m/n on input line 99.
LaTeX Font Info:    ... okay on input line 99.
LaTeX Font Info:    Checking defaults for TS1/cmr/m/n on input line 99.
LaTeX Font Info:    Try loading font information for TS1+cmr on input line 99.
 (/usr/share/texlive/texmf-dist/tex/latex/base/ts1cmr.fd
File: ts1cmr.fd 2014/09/29 v2.5h Standard LaTeX font definitions
)
LaTeX Font Info:    ... okay on input line 99.
LaTeX Font Info:    Try loading font information for T1+FiraSans-OsF on input l
ine 99.

(/usr/share/texlive/texmf-dist/tex/latex/fira/T1FiraSans-OsF.fd
File: T1FiraSans-OsF.fd 2018/01/09 (autoinst) Font definitions for T1/FiraSans-
OsF.
)
LaTeX Font Info:    Font shape `T1/FiraSans-OsF/m/n' will be
(Font)              scaled to size 10.0pt on input line 99.

*geometry* driver: auto-detecting
*geometry* detected driver: pdftex
*geometry* verbose mode - [ preamble ] result:
* driver: pdftex
* paper: custom
* layout: <same size as paper>
* layoutoffset:(h,v)=(0.0pt,0.0pt)
* modes: includehead includefoot 
* h-part:(L,W,R)=(28.45274pt, 307.28987pt, 28.45274pt)
* v-part:(T,H,B)=(0.0pt, 273.14662pt, 0.0pt)
* \paperwidth=364.19536pt
* \paperheight=273.14662pt
* \textwidth=307.28987pt
* \textheight=244.6939pt
* \oddsidemargin=-43.81725pt
* \evensidemargin=-43.81725pt
* \topmargin=-72.26999pt
* \headheight=14.22636pt
* \headsep=0.0pt
* \topskip=10.0pt
* \footskip=14.22636pt
* \marginparwidth=3.0pt
* \marginparsep=11.0pt
* \columnsep=10.0pt
* \skip\footins=9.0pt plus 4.0pt minus 2.0pt
* \hoffset=0.0pt
* \voffset=0.0pt
* \mag=1000
* \@twocolumnfalse
* \@twosidefalse
* \@mparswitchfalse
* \@reversemarginfalse
* (1in=72.27pt=25.4mm, 1cm=28.453pt)

(/usr/share/texlive/texmf-dist/tex/context/base/mkii/supp-pdf.mkii
[Loading MPS to PDF converter (version 2006.09.02).]
\scratchcounter=\count368
\scratchdimen=\dimen312
\scratchbox=\box97
\nofMPsegments=\count369
\nofMParguments=\count370
\everyMPshowfont=\toks61
\MPscratchCnt=\count371
\MPscratchDim=\dimen313
\MPnumerator=\count372
\makeMPintoPDFobject=\count373
\everyMPtoPDFconversion=\toks62
) (/usr/share/texlive/texmf-dist/tex/latex/oberdiek/epstopdf-base.sty
Package: epstopdf-base 2016/05/15 v2.6 Base part for package epstopdf

(/usr/share/texlive/texmf-dist/tex/latex/oberdiek/grfext.sty
Package: grfext 2016/05/16 v1.2 Manage graphics extensions (HO)
)
Package epstopdf-base Info: Redefining graphics rule for `.eps' on input line 4
38.
Package grfext Info: Graphics extension search list:
(grfext)             [.pdf,.png,.jpg,.mps,.jpeg,.jbig2,.jb2,.PDF,.PNG,.JPG,.JPE
G,.JBIG2,.JB2,.eps]
(grfext)             \AppendGraphicsExtensions on input line 456.

(/usr/share/texlive/texmf-dist/tex/latex/latexconfig/epstopdf-sys.cfg
File: epstopdf-sys.cfg 2010/07/13 v1.3 Configuration of (r)epstopdf for TeX Liv
e
))
ABD: EveryShipout initializing macros
\AtBeginShipoutBox=\box98
Package hyperref Info: Link coloring OFF on input line 99.

(/usr/share/texlive/texmf-dist/tex/latex/hyperref/nameref.sty
Package: nameref 2016/05/21 v2.44 Cross-referencing by name of section

(/usr/share/texlive/texmf-dist/tex/generic/oberdiek/gettitlestring.sty
Package: gettitlestring 2016/05/16 v1.5 Cleanup title references (HO)
)
\c@section@level=\count374
)
LaTeX Info: Redefining \ref on input line 99.
LaTeX Info: Redefining \pageref on input line 99.
LaTeX Info: Redefining \nameref on input line 99.

(./main_slides.out) (./main_slides.out)
\@outlinefile=\write10
\openout10 = `main_slides.out'.

LaTeX Font Info:    Overwriting symbol font `operators' in version `normal'
(Font)                  OT1/cmr/m/n --> OT1/cmss/m/n on input line 99.
LaTeX Font Info:    Overwriting symbol font `operators' in version `bold'
(Font)                  OT1/cmr/bx/n --> OT1/cmss/bx/n on input line 99.
\symnumbers=\mathgroup6
\sympureletters=\mathgroup7
LaTeX Font Info:    Overwriting math alphabet `\mathrm' in version `normal'
(Font)                  OT1/cmss/m/n --> T1/cmr/m/n on input line 99.
LaTeX Font Info:    Redeclaring math alphabet \mathbf on input line 99.
LaTeX Font Info:    Overwriting math alphabet `\mathbf' in version `normal'
(Font)                  OT1/cmr/bx/n --> T1/FiraSans-OsF/bx/n on input line 99.

LaTeX Font Info:    Overwriting math alphabet `\mathbf' in version `bold'
(Font)                  OT1/cmr/bx/n --> T1/FiraSans-OsF/bx/n on input line 99.

LaTeX Font Info:    Redeclaring math alphabet \mathsf on input line 99.
LaTeX Font Info:    Overwriting math alphabet `\mathsf' in version `normal'
(Font)                  OT1/cmss/m/n --> T1/FiraSans-OsF/m/n on input line 99.
LaTeX Font Info:    Overwriting math alphabet `\mathsf' in version `bold'
(Font)                  OT1/cmss/bx/n --> T1/FiraSans-OsF/m/n on input line 99.

LaTeX Font Info:    Redeclaring math alphabet \mathit on input line 99.
LaTeX Font Info:    Overwriting math alphabet `\mathit' in version `normal'
(Font)                  OT1/cmr/m/it --> T1/FiraSans-OsF/m/it on input line 99.

LaTeX Font Info:    Overwriting math alphabet `\mathit' in version `bold'
(Font)                  OT1/cmr/bx/it --> T1/FiraSans-OsF/m/it on input line 99
.
LaTeX Font Info:    Redeclaring math alphabet \mathtt on input line 99.
LaTeX Font Info:    Overwriting math alphabet `\mathtt' in version `normal'
(Font)                  OT1/cmtt/m/n --> T1/cmtt/m/n on input line 99.
LaTeX Font Info:    Overwriting math alphabet `\mathtt' in version `bold'
(Font)                  OT1/cmtt/m/n --> T1/cmtt/m/n on input line 99.
LaTeX Font Info:    Overwriting symbol font `numbers' in version `bold'
(Font)                  T1/FiraSans-OsF/m/n --> T1/FiraSans-OsF/bx/n on input l
ine 99.
LaTeX Font Info:    Overwriting symbol font `pureletters' in version `bold'
(Font)                  T1/FiraSans-OsF/m/it --> T1/FiraSans-OsF/bx/it on input
 line 99.
LaTeX Font Info:    Overwriting math alphabet `\mathrm' in version `bold'
(Font)                  OT1/cmss/bx/n --> T1/cmr/bx/n on input line 99.
LaTeX Font Info:    Overwriting math alphabet `\mathbf' in version `bold'
(Font)                  T1/FiraSans-OsF/bx/n --> T1/FiraSans-OsF/bx/n on input 
line 99.
LaTeX Font Info:    Overwriting math alphabet `\mathsf' in version `bold'
(Font)                  T1/FiraSans-OsF/m/n --> T1/FiraSans-OsF/bx/n on input l
ine 99.
LaTeX Font Info:    Overwriting math alphabet `\mathit' in version `bold'
(Font)                  T1/FiraSans-OsF/m/it --> T1/FiraSans-OsF/bx/it on input
 line 99.
LaTeX Font Info:    Overwriting math alphabet `\mathtt' in version `bold'
(Font)                  T1/cmtt/m/n --> T1/cmtt/bx/n on input line 99.

(/usr/share/texlive/texmf-dist/tex/latex/translator/translator-basic-dictionary
-English.dict
Dictionary: translator-basic-dictionary, Language: English 
)
(/usr/share/texlive/texmf-dist/tex/latex/translator/translator-bibliography-dic
tionary-English.dict
Dictionary: translator-bibliography-dictionary, Language: English 
)
(/usr/share/texlive/texmf-dist/tex/latex/translator/translator-environment-dict
ionary-English.dict
Dictionary: translator-environment-dictionary, Language: English 
)
(/usr/share/texlive/texmf-dist/tex/latex/translator/translator-months-dictionar
y-English.dict
Dictionary: translator-months-dictionary, Language: English 
)
(/usr/share/texlive/texmf-dist/tex/latex/translator/translator-numbers-dictiona
ry-English.dict
Dictionary: translator-numbers-dictionary, Language: English 
)
(/usr/share/texlive/texmf-dist/tex/latex/translator/translator-theorem-dictiona
ry-English.dict
Dictionary: translator-theorem-dictionary, Language: English 
) (/usr/share/texlive/texmf-dist/tex/latex/ucs/ucsencs.def
File: ucsencs.def 2011/01/21 Fixes to fontencodings LGR, T3
)
\c@mv@tabular=\count375
\c@mv@boldtabular=\count376
\c@lstlisting=\count377

(./main_slides.nav)
LaTeX Font Info:    Font shape `T1/FiraSans-OsF/m/n' will be
(Font)              scaled to size 5.0pt on input line 99.
LaTeX Font Info:    Font shape `T1/FiraSans-OsF/m/n' will be
(Font)              scaled to size 7.0pt on input line 99.
LaTeX Font Info:    Font shape `T1/FiraSans-OsF/m/n' will be
(Font)              scaled to size 14.4pt on input line 101.
LaTeX Font Info:    Font shape `T1/FiraSans-OsF/b/n' will be
(Font)              scaled to size 14.4pt on input line 101.
LaTeX Font Info:    Font shape `T1/FiraSans-OsF/m/n' will be
(Font)              scaled to size 9.0pt on input line 101.

Overfull \vbox (13.79993pt too high) detected at line 101
 []

[1

{/var/lib/texmf/fonts/map/pdftex/updmap/pdftex.map}]
\openout4 = `main_slides.vrb'.

 (./main_slides.vrb)
LaTeX Font Info:    Font shape `T1/FiraSans-OsF/m/n' will be
(Font)              scaled to size 12.0pt on input line 108.
LaTeX Font Info:    Font shape `T1/FiraSans-OsF/b/n' will be
(Font)              scaled to size 12.0pt on input line 108.

(/usr/share/texlive/texmf-dist/tex/latex/ucs/data/uni-0.def
File: uni-0.def 2013/05/13 UCS: Unicode data U+0000..U+00FF
)
LaTeX Font Info:    Font shape `T1/FiraSans-OsF/m/n' will be
(Font)              scaled to size 4.0pt on input line 108.
 [2

]
LaTeX Font Info:    Font shape `T1/FiraSans-OsF/b/n' will be
(Font)              scaled to size 10.0pt on input line 119.
LaTeX Font Info:    Try loading font information for TS1+FiraSans-OsF on input 
line 119.

(/usr/share/texlive/texmf-dist/tex/latex/fira/TS1FiraSans-OsF.fd
File: TS1FiraSans-OsF.fd 2018/01/09 (autoinst) Font definitions for TS1/FiraSan
s-OsF.
)
LaTeX Font Info:    Font shape `TS1/FiraSans-OsF/m/n' will be
(Font)              scaled to size 10.0pt on input line 119.
LaTeX Font Info:    Font shape `T1/FiraSans-OsF/m/it' will be
(Font)              scaled to size 10.0pt on input line 119.
 [3

]
\openout4 = `main_slides.vrb'.


(./main_slides.vrb
LaTeX Font Info:    Try loading font information for U+msa on input line 2.
 (/usr/share/texlive/texmf-dist/tex/latex/amsfonts/umsa.fd
File: umsa.fd 2013/01/14 v3.01 AMS symbols A
)
LaTeX Font Info:    Try loading font information for U+msb on input line 2.

(/usr/share/texlive/texmf-dist/tex/latex/amsfonts/umsb.fd
File: umsb.fd 2013/01/14 v3.01 AMS symbols B
)
LaTeX Font Info:    Font shape `T1/FiraSans-OsF/m/it' will be
(Font)              scaled to size 7.0pt on input line 2.
LaTeX Font Info:    Font shape `T1/FiraSans-OsF/m/it' will be
(Font)              scaled to size 5.0pt on input line 2.
<Bilder/Head-up-display.jpg, id=69, 962.59625pt x 459.7175pt>
File: Bilder/Head-up-display.jpg Graphic file (type jpg)
<use Bilder/Head-up-display.jpg>
Package pdftex.def Info: Bilder/Head-up-display.jpg  used on input line 4.
(pdftex.def)             Requested size: 178.72379pt x 85.35826pt.
<Bilder/Headupdisplay_funktion.png, id=70, 634.37pt x 476.78125pt>
File: Bilder/Headupdisplay_funktion.png Graphic file (type png)
<use Bilder/Headupdisplay_funktion.png>
Package pdftex.def Info: Bilder/Headupdisplay_funktion.png  used on input line 
7.
(pdftex.def)             Requested size: 113.57184pt x 85.35826pt.

Overfull \hbox (28.21358pt too wide) in paragraph at lines 7--8
[][] 
 []

LaTeX Font Info:    Font shape `T1/FiraSans-OsF/m/n' will be
(Font)              scaled to size 8.0pt on input line 15.
LaTeX Font Info:    Font shape `T1/FiraSans-OsF/m/n' will be
(Font)              scaled to size 6.0pt on input line 15.
LaTeX Font Info:    Font shape `T1/FiraSans-OsF/m/it' will be
(Font)              scaled to size 8.0pt on input line 15.
LaTeX Font Info:    Font shape `T1/FiraSans-OsF/m/it' will be
(Font)              scaled to size 6.0pt on input line 15.
LaTeX Font Info:    Try loading font information for T1+cmtt on input line 15.
(/usr/share/texlive/texmf-dist/tex/latex/base/t1cmtt.fd
File: t1cmtt.fd 2014/09/29 v2.5h Standard LaTeX font definitions
)) [4

 <./Bilder/Head-up-display.jpg> <./Bilder/Headupdisplay_funktion.png (PNG copy)
>]
\openout4 = `main_slides.vrb'.


(./main_slides.vrb
<Bilder/google-brille-2.jpg, id=78, 642.4pt x 310.15875pt>
File: Bilder/google-brille-2.jpg Graphic file (type jpg)
<use Bilder/google-brille-2.jpg>
Package pdftex.def Info: Bilder/google-brille-2.jpg  used on input line 4.
(pdftex.def)             Requested size: 147.3274pt x 71.13188pt.

Overfull \hbox (5.06361pt too wide) in paragraph at lines 4--5
[][] 
 []

<Bilder/google-brille-funktionsweise.jpg, id=79, 1284.8pt x 724.7075pt>
File: Bilder/google-brille-funktionsweise.jpg Graphic file (type jpg)
<use Bilder/google-brille-funktionsweise.jpg>
Package pdftex.def Info: Bilder/google-brille-funktionsweise.jpg  used on input
 line 7.
(pdftex.def)             Requested size: 126.09578pt x 71.13188pt.
) [5

 <./Bilder/google-brille-2.jpg> <./Bilder/google-brille-funktionsweise.jpg>]
\openout4 = `main_slides.vrb'.

 (./main_slides.vrb
<Bilder/Datenbrille_VDI_Techniker.png, id=86, 666.49pt x 621.32124pt>
File: Bilder/Datenbrille_VDI_Techniker.png Graphic file (type png)
<use Bilder/Datenbrille_VDI_Techniker.png>
Package pdftex.def Info: Bilder/Datenbrille_VDI_Techniker.png  used on input li
ne 4.
(pdftex.def)             Requested size: 106.82362pt x 99.58464pt.
<Bilder/Datenbrille_VDI_Ueberwachung.png, id=88, 1020.81375pt x 806.01125pt>
File: Bilder/Datenbrille_VDI_Ueberwachung.png Graphic file (type png)
<use Bilder/Datenbrille_VDI_Ueberwachung.png>
Package pdftex.def Info: Bilder/Datenbrille_VDI_Ueberwachung.png  used on input
 line 7.
(pdftex.def)             Requested size: 126.12164pt x 99.58464pt.

Overfull \hbox (40.76338pt too wide) in paragraph at lines 7--8
[][] 
 []

) [6

 <./Bilder/Datenbrille_VDI_Techniker.png> <./Bilder/Datenbrille_VDI_Ueberwachun
g.png>]
\openout4 = `main_slides.vrb'.

 (./main_slides.vrb
<Bilder/Datenbrille_Strahlengang.png, id=97, 377.41pt x 774.895pt>
File: Bilder/Datenbrille_Strahlengang.png Graphic file (type png)
<use Bilder/Datenbrille_Strahlengang.png>
Package pdftex.def Info: Bilder/Datenbrille_Strahlengang.png  used on input lin
e 3.
(pdftex.def)             Requested size: 69.28418pt x 142.26378pt.
<Bilder/datenbrille_bakaros.png, id=98, 702.625pt x 271.0125pt>
File: Bilder/datenbrille_bakaros.png Graphic file (type png)
<use Bilder/datenbrille_bakaros.png>
Package pdftex.def Info: Bilder/datenbrille_bakaros.png  used on input line 6.
(pdftex.def)             Requested size: 199.16928pt x 76.82169pt.
)
Overfull \vbox (14.07878pt too high) detected at line 185
 []

[7

 <./Bilder/Datenbrille_Strahlengang.png> <./Bilder/datenbrille_bakaros.png>]
\openout4 = `main_slides.vrb'.


(./main_slides.vrb
<Bilder/Lichtbrechung.png, id=108, 593.21625pt x 330.23375pt>
File: Bilder/Lichtbrechung.png Graphic file (type png)
<use Bilder/Lichtbrechung.png>
Package pdftex.def Info: Bilder/Lichtbrechung.png  used on input line 4.
(pdftex.def)             Requested size: 142.26378pt x 79.19724pt.

Underfull \hbox (badness 6493) in paragraph at lines 7--9
[]\T1/FiraSans-OsF/m/n/10 Physikalische Ei-gen-schaf-ten von
 []


Underfull \hbox (badness 1057) in paragraph at lines 7--9
\T1/FiraSans-OsF/m/n/10 licht-durch-ls-si-gen Me-di-en be-ein-
 []


Underfull \hbox (badness 2495) in paragraph at lines 7--9
\T1/FiraSans-OsF/m/n/10 flus-sen die Licht-ge-schwin-dig-keit.
 []


Underfull \hbox (badness 10000) in paragraph at lines 7--9
\T1/FiraSans-OsF/m/n/10 An Grenz-fl-chen fhrt das zur
 []

<Bilder/Strahlengang1.jpg, id=109, 2144.01pt x 1391.1975pt>
File: Bilder/Strahlengang1.jpg Graphic file (type jpg)
<use Bilder/Strahlengang1.jpg>
Package pdftex.def Info: Bilder/Strahlengang1.jpg  used on input line 25.
(pdftex.def)             Requested size: 170.71652pt x 110.76736pt.
<Bilder/Strahlengang2.jpg, id=110, 3565.32pt x 879.285pt>
File: Bilder/Strahlengang2.jpg Graphic file (type jpg)
<use Bilder/Strahlengang2.jpg>
Package pdftex.def Info: Bilder/Strahlengang2.jpg  used on input line 31.
(pdftex.def)             Requested size: 227.62204pt x 56.13585pt.
) [8

 <./Bilder/Lichtbrechung.png>] [9


 <./Bilder/Strahlengang1.jpg>] [10


 <./Bilder/Strahlengang2.jpg>] [11


]
\openout4 = `main_slides.vrb'.

 (./main_slides.vrb
<Bilder/Arduino.png, id=135, 654.445pt x 554.07pt>
File: Bilder/Arduino.png Graphic file (type png)
<use Bilder/Arduino.png>
Package pdftex.def Info: Bilder/Arduino.png  used on input line 11.
(pdftex.def)             Requested size: 205.00287pt x 173.56198pt.

Overfull \hbox (5.83359pt too wide) in paragraph at lines 11--12
[][] 
 []


Underfull \hbox (badness 10000) in paragraph at lines 14--19
\T1/FiraSans-OsF/m/n/10 Text-feld
 []

<Bilder/Arduino_Bibliotheken1.png, id=136, 605.26125pt x 554.07pt>
File: Bilder/Arduino_Bibliotheken1.png Graphic file (type png)
<use Bilder/Arduino_Bibliotheken1.png>
Package pdftex.def Info: Bilder/Arduino_Bibliotheken1.png  used on input line 2
4.
(pdftex.def)             Requested size: 189.5962pt x 173.56198pt.

Underfull \hbox (badness 10000) in paragraph at lines 27--32
\T1/FiraSans-OsF/m/n/10 Text-feld
 []

<Bilder/Arduino_Bibliotheken2.png, id=137, 1003.75pt x 563.10374pt>
File: Bilder/Arduino_Bibliotheken2.png Graphic file (type png)
<use Bilder/Arduino_Bibliotheken2.png>
Package pdftex.def Info: Bilder/Arduino_Bibliotheken2.png  used on input line 3
7.
(pdftex.def)             Requested size: 253.58655pt x 142.26378pt.
<Bilder/Arduino_Boardverwalter1.png, id=138, 1107.13625pt x 543.02875pt>
File: Bilder/Arduino_Boardverwalter1.png Graphic file (type png)
<use Bilder/Arduino_Boardverwalter1.png>
Package pdftex.def Info: Bilder/Arduino_Boardverwalter1.png  used on input line
 42.
(pdftex.def)             Requested size: 319.05096pt x 156.49014pt.

Overfull \hbox (119.88168pt too wide) in paragraph at lines 42--43
[][] 
 []

<Bilder/Arduino_Boardverwalter2.png, id=139, 1004.75375pt x 568.1225pt>
File: Bilder/Arduino_Boardverwalter2.png Graphic file (type png)
<use Bilder/Arduino_Boardverwalter2.png>
Package pdftex.def Info: Bilder/Arduino_Boardverwalter2.png  used on input line
 49.
(pdftex.def)             Requested size: 251.60176pt x 142.26378pt.
<Bilder/Arduino_Bibliotheken3.png, id=140, 1207.51125pt x 553.06625pt>
File: Bilder/Arduino_Bibliotheken3.png Graphic file (type png)
<use Bilder/Arduino_Bibliotheken3.png>
Package pdftex.def Info: Bilder/Arduino_Bibliotheken3.png  used on input line 5
5.
(pdftex.def)             Requested size: 341.65689pt x 156.49014pt.

Overfull \hbox (34.36702pt too wide) in paragraph at lines 54--57
[]  
 []

<Bilder/Arduino_Ueberpruefen.png, id=141, 501.875pt x 554.07pt>
File: Bilder/Arduino_Ueberpruefen.png Graphic file (type png)
<use Bilder/Arduino_Ueberpruefen.png>
Package pdftex.def Info: Bilder/Arduino_Ueberpruefen.png  used on input line 61
.
(pdftex.def)             Requested size: 157.21078pt x 173.56198pt.
<Bilder/Arduino_Fehler_Bildschirm.png, id=142, 737.75626pt x 698.61pt>
File: Bilder/Arduino_Fehler_Bildschirm.png Graphic file (type png)
<use Bilder/Arduino_Fehler_Bildschirm.png>
Package pdftex.def Info: Bilder/Arduino_Fehler_Bildschirm.png  used on input li
ne 75.
(pdftex.def)             Requested size: 183.29037pt x 173.56198pt.

Overfull \hbox (9.7284pt too wide) in paragraph at lines 75--76
[][] 
 []

<Bilder/Arduino_Hochladen.png, id=143, 501.875pt x 483.8075pt>
File: Bilder/Arduino_Hochladen.png Graphic file (type png)
<use Bilder/Arduino_Hochladen.png>
Package pdftex.def Info: Bilder/Arduino_Hochladen.png  used on input line 106.
(pdftex.def)             Requested size: 180.0469pt x 173.56198pt.

Overfull \hbox (6.48492pt too wide) in paragraph at lines 106--107
[][] 
 []

) [12

] [13


 <./Bilder/Arduino.png>] [14


 <./Bilder/Arduino_Bibliotheken1.png>]
[15


 <./Bilder/Arduino_Bibliotheken2.png>] [16


 <./Bilder/Arduino_Boardverwalter1.png>] [17


 <./Bilder/Arduino_Boardverwalter2.png>] [18


 <./Bilder/Arduino_Bibliotheken3.png>] [19


 <./Bilder/Arduino_Ueberpruefen.png>] [20


 <./Bilder/Arduino_Fehler_Bildschirm.png>] [21


] [22


 <./Bilder/Arduino_Hochladen.png>]
\openout4 = `main_slides.vrb'.


(./main_slides.vrb) [23

] [24


] [25


]
\openout4 = `main_slides.vrb'.

 (./main_slides.vrb)
LaTeX Font Info:    Font shape `T1/cmtt/bx/n' in size <12> not available
(Font)              Font shape `T1/cmtt/m/n' tried instead on input line 424.
 [26

] [27


]
\openout4 = `main_slides.vrb'.


(./main_slides.vrb) [28

] [29


]
\openout4 = `main_slides.vrb'.

 (./main_slides.vrb) [30

]
\tf@nav=\write11
\openout11 = `main_slides.nav'.

\tf@toc=\write12
\openout12 = `main_slides.toc'.

\tf@snm=\write13
\openout13 = `main_slides.snm'.

Package atveryend Info: Empty hook `BeforeClearDocument' on input line 459.
Package atveryend Info: Empty hook `AfterLastShipout' on input line 459.
 (./main_slides.aux)
Package atveryend Info: Executing hook `AtVeryEndDocument' on input line 459.
Package atveryend Info: Executing hook `AtEndAfterFileList' on input line 459.
Package rerunfilecheck Info: File `main_slides.out' has not changed.
(rerunfilecheck)             Checksum: D41D8CD98F00B204E9800998ECF8427E;0.
 ) 
Here is how much of TeX's memory you used:
 41029 strings out of 494798
 840490 string characters out of 6176801
 966305 words of memory out of 5000000
 43540 multiletter control sequences out of 15000+600000
 791941 words of font info for 77 fonts, out of 8000000 for 9000
 59 hyphenation exceptions out of 8191
 74i,14n,106p,10438b,849s stack positions out of 5000i,500n,10000p,200000b,80000s
 </home/georg/.texlive2017/texmf-var/fonts/pk/ljfour/jknappen/ec/ectt1200.600
pk> </home/georg/.texlive2017/texmf-var/fonts/pk/ljfour/jknappen/ec/ectt1000.60
0pk> </home/georg/.texlive2017/texmf-var/fonts/pk/ljfour/jknappen/ec/ectt0800.6
00pk>{/usr/share/texlive/texmf-dist/fonts/enc/dvips/fira/fir_7gpamp.enc}{/usr/s
hare/texlive/texmf-dist/fonts/enc/dvips/fira/fir_junpg2.enc}</usr/share/texlive
/texmf-dist/fonts/type1/public/fira/FiraSans-Bold.pfb></usr/share/texlive/texmf
-dist/fonts/type1/public/fira/FiraSans-Italic.pfb></usr/share/texlive/texmf-dis
t/fonts/type1/public/fira/FiraSans-Regular.pfb></usr/share/texlive/texmf-dist/f
onts/type1/public/amsfonts/cm/cmmi10.pfb></usr/share/texlive/texmf-dist/fonts/t
ype1/public/amsfonts/cm/cmss10.pfb></usr/share/texlive/texmf-dist/fonts/type1/p
ublic/amsfonts/cm/cmsy10.pfb>
Output written on main_slides.pdf (30 pages, 4493558 bytes).
PDF statistics:
 413 PDF objects out of 1000 (max. 8388607)
 200 compressed objects within 2 object streams
 61 named destinations out of 1000 (max. 500000)
 287 words of extra memory for PDF output out of 10000 (max. 10000000)

